Arguments: 
  /usr/bin/node /usr/share/yarn/bin/yarn.js add @rails/actiontext trix from .

PATH: 
  /home/lenovo/.rbenv/shims:/home/lenovo/.rbenv/bin:/home/lenovo/.rbenv/shims:/home/lenovo/.rbenv/bin:/usr/local/sbin:/usr/local/bin:/usr/sbin:/usr/bin:/sbin:/bin:/usr/games:/usr/local/games:/snap/bin

Yarn version: 
  1.22.18

Node version: 
  14.19.1

Platform: 
  linux x64

Trace: 
  SyntaxError: /home/lenovo/Fb/package.json: Unexpected token / in JSON at position 0
      at JSON.parse (<anonymous>)
      at /usr/share/yarn/lib/cli.js:1625:59
      at Generator.next (<anonymous>)
      at step (/usr/share/yarn/lib/cli.js:310:30)
      at /usr/share/yarn/lib/cli.js:321:13

npm manifest: 
  // inside package.json  
  {  
  "name": "app",  
  "private": "true",  
  "dependencies": {  
      "@hotwired/stimulus": "^3.0.1",  
      "@hotwired/turbo-rails": "^7.1.0",  
      "@popperjs/core": "^2.11.0",  
      "bootstrap": "^5.1.3",  
      "esbuild": "^0.14.5",  
      "sass": "^1.45.0"  
    }  
  }

yarn manifest: 
  No manifest

Lockfile: 
  # THIS IS AN AUTOGENERATED FILE. DO NOT EDIT THIS FILE DIRECTLY.
  # yarn lockfile v1
  
  
  bootstrap@^5.1.3:
    version "5.1.3"
    resolved "https://registry.yarnpkg.com/bootstrap/-/bootstrap-5.1.3.tgz#ba081b0c130f810fa70900acbc1c6d3c28fa8f34"
    integrity sha512-fcQztozJ8jToQWXxVuEyXWW+dSo8AiXWKwiSSrKWsRB/Qt+Ewwza+JWoLKiTuQLaEPhdNAJ7+Dosc9DOIqNy7Q==
